Using pre-set license
Built from '2021.3/staging' branch; Version is '2021.3.2f1 (d6360bedb9a0) revision 14038539'; Using compiler version '192829333'; Build Type 'Release'
OS: 'Windows 10  (10.0.19044) 64bit Professional' Language: 'es' Physical Memory: 8066 MB
BatchMode: 1, IsHumanControllingUs: 0, StartBugReporterOnCrash: 0, Is64bit: 1, IsPro: 1

COMMAND LINE ARGUMENTS:
D:\ProgramFiles\Unity\Hub\Editor\2021.3.2f1\Editor\Unity.exe
-adb2
-batchMode
-noUpm
-name
AssetImportWorker0
-projectPath
D:/Nico/Uma/TERCERO/Videojuegos/Proyectos/MarioKartVideojuegos
-logFile
Logs/AssetImportWorker0.log
-srvPort
63354
Successfully changed project path to: D:/Nico/Uma/TERCERO/Videojuegos/Proyectos/MarioKartVideojuegos
D:/Nico/Uma/TERCERO/Videojuegos/Proyectos/MarioKartVideojuegos
[UnityMemory] Configuration Parameters - Can be set up in boot.config
    "memorysetup-bucket-allocator-granularity=16"
    "memorysetup-bucket-allocator-bucket-count=8"
    "memorysetup-bucket-allocator-block-size=33554432"
    "memorysetup-bucket-allocator-block-count=8"
    "memorysetup-main-allocator-block-size=16777216"
    "memorysetup-thread-allocator-block-size=16777216"
    "memorysetup-gfx-main-allocator-block-size=16777216"
    "memorysetup-gfx-thread-allocator-block-size=16777216"
    "memorysetup-cache-allocator-block-size=4194304"
    "memorysetup-typetree-allocator-block-size=2097152"
    "memorysetup-profiler-bucket-allocator-granularity=16"
    "memorysetup-profiler-bucket-allocator-bucket-count=8"
    "memorysetup-profiler-bucket-allocator-block-size=33554432"
    "memorysetup-profiler-bucket-allocator-block-count=8"
    "memorysetup-profiler-allocator-block-size=16777216"
    "memorysetup-profiler-editor-allocator-block-size=1048576"
    "memorysetup-temp-allocator-size-main=16777216"
    "memorysetup-job-temp-allocator-block-size=2097152"
    "memorysetup-job-temp-allocator-block-size-background=1048576"
    "memorysetup-job-temp-allocator-reduction-small-platforms=262144"
    "memorysetup-temp-allocator-size-background-worker=32768"
    "memorysetup-temp-allocator-size-job-worker=262144"
    "memorysetup-temp-allocator-size-preload-manager=33554432"
    "memorysetup-temp-allocator-size-nav-mesh-worker=65536"
    "memorysetup-temp-allocator-size-audio-worker=65536"
    "memorysetup-temp-allocator-size-cloud-worker=32768"
    "memorysetup-temp-allocator-size-gi-baking-worker=262144"
    "memorysetup-temp-allocator-size-gfx=262144"
Refreshing native plugins compatible for Editor in 45.93 ms, found 4 plugins.
Preloading 0 native plugins for Editor in 0.00 ms.
Initialize engine version: 2021.3.2f1 (d6360bedb9a0)
[Subsystems] Discovering subsystems at path D:/ProgramFiles/Unity/Hub/Editor/2021.3.2f1/Editor/Data/Resources/UnitySubsystems
[Subsystems] Discovering subsystems at path D:/Nico/Uma/TERCERO/Videojuegos/Proyectos/MarioKartVideojuegos/Assets
GfxDevice: creating device client; threaded=0; jobified=0
Direct3D:
    Version:  Direct3D 11.0 [level 11.1]
    Renderer: NVIDIA GeForce GTX 1050 (ID=0x1c8d)
    Vendor:   NVIDIA
    VRAM:     4021 MB
    Driver:   30.0.14.7212
Initialize mono
Mono path[0] = 'D:/ProgramFiles/Unity/Hub/Editor/2021.3.2f1/Editor/Data/Managed'
Mono path[1] = 'D:/ProgramFiles/Unity/Hub/Editor/2021.3.2f1/Editor/Data/MonoBleedingEdge/lib/mono/unityjit-win32'
Mono config path = 'D:/ProgramFiles/Unity/Hub/Editor/2021.3.2f1/Editor/Data/MonoBleedingEdge/etc'
Using monoOptions --debugger-agent=transport=dt_socket,embedding=1,server=y,suspend=n,address=127.0.0.1:56512
Begin MonoManager ReloadAssembly
Registering precompiled unity dll's ...
Register platform support module: D:/ProgramFiles/Unity/Hub/Editor/2021.3.2f1/Editor/Data/PlaybackEngines/WindowsStandaloneSupport/UnityEditor.WindowsStandalone.Extensions.dll
Register platform support module: D:/ProgramFiles/Unity/Hub/Editor/2021.3.2f1/Editor/Data/PlaybackEngines/LinuxStandaloneSupport/UnityEditor.LinuxStandalone.Extensions.dll
Registered in 0.004599 seconds.
Native extension for LinuxStandalone target not found
Native extension for WindowsStandalone target not found
Refreshing native plugins compatible for Editor in 30.46 ms, found 4 plugins.
Preloading 0 native plugins for Editor in 0.00 ms.
Mono: successfully reloaded assembly
- Completed reload, in  0.894 seconds
Domain Reload Profiling:
	ReloadAssembly (895ms)
		BeginReloadAssembly (95ms)
			ExecutionOrderSort (0ms)
			DisableScriptedObjects (0ms)
			BackupInstance (0ms)
			ReleaseScriptingObjects (0ms)
			CreateAndSetChildDomain (1ms)
		EndReloadAssembly (691ms)
			LoadAssemblies (94ms)
			RebuildTransferFunctionScriptingTraits (0ms)
			SetupTypeCache (121ms)
			ReleaseScriptCaches (0ms)
			RebuildScriptCaches (31ms)
			SetupLoadedEditorAssemblies (487ms)
				LogAssemblyErrors (0ms)
				InitializePlatformSupportModulesInManaged (10ms)
				SetLoadedEditorAssemblies (0ms)
				RefreshPlugins (31ms)
				BeforeProcessingInitializeOnLoad (1ms)
				ProcessInitializeOnLoadAttributes (143ms)
				ProcessInitializeOnLoadMethodAttributes (302ms)
				AfterProcessingInitializeOnLoad (0ms)
				EditorAssembliesLoaded (0ms)
			ExecutionOrderSort2 (0ms)
			AwakeInstancesAfterBackupRestoration (0ms)
Platform modules already initialized, skipping
Registering precompiled user dll's ...
Registered in 0.017498 seconds.
Begin MonoManager ReloadAssembly
Native extension for LinuxStandalone target not found
Native extension for WindowsStandalone target not found
Refreshing native plugins compatible for Editor in 0.77 ms, found 4 plugins.
Preloading 0 native plugins for Editor in 0.00 ms.
Mono: successfully reloaded assembly
- Completed reload, in  1.926 seconds
Domain Reload Profiling:
	ReloadAssembly (1927ms)
		BeginReloadAssembly (161ms)
			ExecutionOrderSort (0ms)
			DisableScriptedObjects (6ms)
			BackupInstance (0ms)
			ReleaseScriptingObjects (0ms)
			CreateAndSetChildDomain (26ms)
		EndReloadAssembly (1634ms)
			LoadAssemblies (149ms)
			RebuildTransferFunctionScriptingTraits (0ms)
			SetupTypeCache (987ms)
			ReleaseScriptCaches (1ms)
			RebuildScriptCaches (69ms)
			SetupLoadedEditorAssemblies (359ms)
				LogAssemblyErrors (0ms)
				InitializePlatformSupportModulesInManaged (12ms)
				SetLoadedEditorAssemblies (1ms)
				RefreshPlugins (1ms)
				BeforeProcessingInitializeOnLoad (76ms)
				ProcessInitializeOnLoadAttributes (231ms)
				ProcessInitializeOnLoadMethodAttributes (34ms)
				AfterProcessingInitializeOnLoad (4ms)
				EditorAssembliesLoaded (0ms)
			ExecutionOrderSort2 (0ms)
			AwakeInstancesAfterBackupRestoration (8ms)
Platform modules already initialized, skipping
========================================================================
Worker process is ready to serve import requests
Launched and connected shader compiler UnityShaderCompiler.exe after 0.26 seconds
Refreshing native plugins compatible for Editor in 1.37 ms, found 4 plugins.
Preloading 0 native plugins for Editor in 0.00 ms.
Unloading 1707 Unused Serialized files (Serialized files now loaded: 0)
Unloading 54 unused Assets / (48.8 KB). Loaded Objects now: 2136.
Memory consumption went from 78.5 MB to 78.4 MB.
Total: 4.228900 ms (FindLiveObjects: 0.177300 ms CreateObjectMapping: 0.068200 ms MarkObjects: 3.851200 ms  DeleteObjects: 0.114100 ms)

AssetImportParameters requested are different than current active one (requested -> active):
  custom:video-decoder-ogg-theora: a1e56fd34408186e4bbccfd4996cb3dc -> 
  custom:container-muxer-webm: aa71ff27fc2769a1b78a27578f13a17b -> 
  custom:container-demuxer-webm: 4f35f7cbe854078d1ac9338744f61a02 -> 
  custom:video-encoder-webm-vp8: eb34c28f22e8b96e1ab97ce403110664 -> 
  custom:audio-encoder-webm-vorbis: bf7c407c2cedff20999df2af8eb42d56 -> 
  custom:framework-win-MediaFoundation: 216162199b28c13a410421893ffa2e32 -> 
  custom:container-demuxer-ogg: 62fdf1f143b41e24485cea50d1cbac27 -> 
  custom:video-decoder-webm-vp8: 9c59270c3fd7afecdb556c50c9e8de78 -> 
  custom:audio-decoder-ogg-vorbis: bf7c407c2cedff20999df2af8eb42d56 -> 
========================================================================
Received Import Request.
  Time since last request: 792.074143 seconds.
  path: Assets/ComportamientoCoche.cs
  artifactKey: Guid(479fc365032dcf041b98c1b2c97adfa9) Importer(815301076,1909f56bfc062723c751e8b465ee728b)
Start importing Assets/ComportamientoCoche.cs using Guid(479fc365032dcf041b98c1b2c97adfa9) Importer(815301076,1909f56bfc062723c751e8b465ee728b)  -> (artifact id: 'ae80dd0523f731b74348a7ec440374fb') in 0.146409 seconds 
========================================================================
Received Import Request.
  Time since last request: 856.488174 seconds.
  path: Assets
  artifactKey: Guid(00000000000000001000000000000000) Importer(815301076,1909f56bfc062723c751e8b465ee728b)
Start importing Assets using Guid(00000000000000001000000000000000) Importer(815301076,1909f56bfc062723c751e8b465ee728b)  -> (artifact id: '79842766b460edbeab6a34051e857a80') in 0.011545 seconds 
========================================================================
Received Import Request.
  Time since last request: 8.514887 seconds.
  path: Assets/Prefabs
  artifactKey: Guid(59d960e20bbd22c41ae20419dae3c8ff) Importer(815301076,1909f56bfc062723c751e8b465ee728b)
Start importing Assets/Prefabs using Guid(59d960e20bbd22c41ae20419dae3c8ff) Importer(815301076,1909f56bfc062723c751e8b465ee728b)  -> (artifact id: 'f33f9182a7f843b93d97b60599be3dd2') in 0.007445 seconds 
========================================================================
Received Import Request.
  Time since last request: 3.710186 seconds.
  path: Assets/Prefabs/Tramo(10m).prefab
  artifactKey: Guid(c415d7e8f16451142918b1b23a8d7ba3) Importer(815301076,1909f56bfc062723c751e8b465ee728b)
Start importing Assets/Prefabs/Tramo(10m).prefab using Guid(c415d7e8f16451142918b1b23a8d7ba3) Importer(815301076,1909f56bfc062723c751e8b465ee728b)  -> (artifact id: 'cfba6731357be2d1519ddc23acdf3816') in 0.064652 seconds 
========================================================================
Received Import Request.
  Time since last request: 33.827168 seconds.
  path: Assets/Prefabs/Tramo(20m) Variant.prefab
  artifactKey: Guid(4e85f9b762692da4faac0e1c63feacf3) Importer(815301076,1909f56bfc062723c751e8b465ee728b)
Start importing Assets/Prefabs/Tramo(20m) Variant.prefab using Guid(4e85f9b762692da4faac0e1c63feacf3) Importer(815301076,1909f56bfc062723c751e8b465ee728b)  -> (artifact id: 'ec47f93ceb7cf0a7b100e2ab0a3bdafe') in 0.013439 seconds 
========================================================================
Received Import Request.
  Time since last request: 33.431922 seconds.
  path: ProjectSettings/TagManager.asset
  artifactKey: Guid(00000000000000003000000000000000) Importer(815301076,1909f56bfc062723c751e8b465ee728b)
Start importing ProjectSettings/TagManager.asset using Guid(00000000000000003000000000000000) Importer(815301076,1909f56bfc062723c751e8b465ee728b)  -> (artifact id: '4ec9103098a3fd67676f1c14c3a63daf') in 0.029232 seconds 
========================================================================
Received Import Request.
  Time since last request: 10.318187 seconds.
  path: Assets/Prefabs/Tramo(10m).prefab
  artifactKey: Guid(c415d7e8f16451142918b1b23a8d7ba3) Importer(815301076,1909f56bfc062723c751e8b465ee728b)
Start importing Assets/Prefabs/Tramo(10m).prefab using Guid(c415d7e8f16451142918b1b23a8d7ba3) Importer(815301076,1909f56bfc062723c751e8b465ee728b)  -> (artifact id: '668b3fad7e84ab9769165521426b48cf') in 0.010184 seconds 
========================================================================
Received Import Request.
  Time since last request: 0.000024 seconds.
  path: Assets/Prefabs/Tramo(20m) Variant.prefab
  artifactKey: Guid(4e85f9b762692da4faac0e1c63feacf3) Importer(815301076,1909f56bfc062723c751e8b465ee728b)
Start importing Assets/Prefabs/Tramo(20m) Variant.prefab using Guid(4e85f9b762692da4faac0e1c63feacf3) Importer(815301076,1909f56bfc062723c751e8b465ee728b)  -> (artifact id: 'e9545957bd2ad8f4b0570b126bb10d38') in 0.008108 seconds 
========================================================================
Received Import Request.
  Time since last request: 2.361962 seconds.
  path: Assets/Prefabs/Tramo(10m).prefab
  artifactKey: Guid(c415d7e8f16451142918b1b23a8d7ba3) Importer(815301076,1909f56bfc062723c751e8b465ee728b)
Start importing Assets/Prefabs/Tramo(10m).prefab using Guid(c415d7e8f16451142918b1b23a8d7ba3) Importer(815301076,1909f56bfc062723c751e8b465ee728b)  -> (artifact id: '37d3d184d8989365dfe5b9d9175f69da') in 0.010308 seconds 
========================================================================
Received Import Request.
  Time since last request: 0.000017 seconds.
  path: Assets/Prefabs/Tramo(20m) Variant.prefab
  artifactKey: Guid(4e85f9b762692da4faac0e1c63feacf3) Importer(815301076,1909f56bfc062723c751e8b465ee728b)
Start importing Assets/Prefabs/Tramo(20m) Variant.prefab using Guid(4e85f9b762692da4faac0e1c63feacf3) Importer(815301076,1909f56bfc062723c751e8b465ee728b)  -> (artifact id: '02f05d1b1c1ee89902e8f823aa47f791') in 0.010424 seconds 
========================================================================
Received Import Request.
  Time since last request: 6.234612 seconds.
  path: Assets/Prefabs/Tramo(10m).prefab
  artifactKey: Guid(c415d7e8f16451142918b1b23a8d7ba3) Importer(815301076,1909f56bfc062723c751e8b465ee728b)
Start importing Assets/Prefabs/Tramo(10m).prefab using Guid(c415d7e8f16451142918b1b23a8d7ba3) Importer(815301076,1909f56bfc062723c751e8b465ee728b)  -> (artifact id: '1960bd2e3427121481b751747c5dc901') in 0.007836 seconds 
========================================================================
Received Import Request.
  Time since last request: 0.000032 seconds.
  path: Assets/Prefabs/Tramo(20m) Variant.prefab
  artifactKey: Guid(4e85f9b762692da4faac0e1c63feacf3) Importer(815301076,1909f56bfc062723c751e8b465ee728b)
Start importing Assets/Prefabs/Tramo(20m) Variant.prefab using Guid(4e85f9b762692da4faac0e1c63feacf3) Importer(815301076,1909f56bfc062723c751e8b465ee728b)  -> (artifact id: 'd05c405f4ced552d1811a9c8f72cdc69') in 0.010474 seconds 
========================================================================
Received Import Request.
  Time since last request: 3.358734 seconds.
  path: Assets/Prefabs/Tramo(10m).prefab
  artifactKey: Guid(c415d7e8f16451142918b1b23a8d7ba3) Importer(815301076,1909f56bfc062723c751e8b465ee728b)
Start importing Assets/Prefabs/Tramo(10m).prefab using Guid(c415d7e8f16451142918b1b23a8d7ba3) Importer(815301076,1909f56bfc062723c751e8b465ee728b)  -> (artifact id: 'c64473ebdeae0498bf718f1b737a6dff') in 0.006449 seconds 
========================================================================
Received Import Request.
  Time since last request: 0.000019 seconds.
  path: Assets/Prefabs/Tramo(20m) Variant.prefab
  artifactKey: Guid(4e85f9b762692da4faac0e1c63feacf3) Importer(815301076,1909f56bfc062723c751e8b465ee728b)
Start importing Assets/Prefabs/Tramo(20m) Variant.prefab using Guid(4e85f9b762692da4faac0e1c63feacf3) Importer(815301076,1909f56bfc062723c751e8b465ee728b)  -> (artifact id: '7228cf21395cdaed38811010630f53f4') in 0.005511 seconds 
========================================================================
Received Import Request.
  Time since last request: 72.368620 seconds.
  path: Assets/Prefabs/Tramo(20m) Variant 1.prefab
  artifactKey: Guid(dfdb9ba216e5dea4783dd708aa8d0cb5) Importer(815301076,1909f56bfc062723c751e8b465ee728b)
Start importing Assets/Prefabs/Tramo(20m) Variant 1.prefab using Guid(dfdb9ba216e5dea4783dd708aa8d0cb5) Importer(815301076,1909f56bfc062723c751e8b465ee728b)  -> (artifact id: 'e794eaecdcdb4040104c290dfae826ce') in 0.012348 seconds 
========================================================================
Received Import Request.
  Time since last request: 49.882706 seconds.
  path: Assets/Prefabs/Tramo(5m) Variant.prefab
  artifactKey: Guid(e97d185b151bcd348bb56fd60db8d155) Importer(815301076,1909f56bfc062723c751e8b465ee728b)
Start importing Assets/Prefabs/Tramo(5m) Variant.prefab using Guid(e97d185b151bcd348bb56fd60db8d155) Importer(815301076,1909f56bfc062723c751e8b465ee728b)  -> (artifact id: '65a4b10f06a59bc638300d3671f80e6b') in 0.008640 seconds 
========================================================================
Received Import Request.
  Time since last request: 313.108184 seconds.
  path: Assets/Prefabs/Tramo(5m) Variant.prefab
  artifactKey: Guid(e97d185b151bcd348bb56fd60db8d155) Importer(815301076,1909f56bfc062723c751e8b465ee728b)
Start importing Assets/Prefabs/Tramo(5m) Variant.prefab using Guid(e97d185b151bcd348bb56fd60db8d155) Importer(815301076,1909f56bfc062723c751e8b465ee728b)  -> (artifact id: '1782ab60fc748ff9233180757e3d841a') in 0.011316 seconds 
========================================================================
Received Import Request.
  Time since last request: 0.000021 seconds.
  path: Assets/Prefabs/Tramo(20m) Variant.prefab
  artifactKey: Guid(4e85f9b762692da4faac0e1c63feacf3) Importer(815301076,1909f56bfc062723c751e8b465ee728b)
Start importing Assets/Prefabs/Tramo(20m) Variant.prefab using Guid(4e85f9b762692da4faac0e1c63feacf3) Importer(815301076,1909f56bfc062723c751e8b465ee728b)  -> (artifact id: '734df50d50e25e9a70172473d120d95a') in 0.008365 seconds 
========================================================================
Received Import Request.
  Time since last request: 0.000015 seconds.
  path: Assets/Prefabs/Tramo(10m).prefab
  artifactKey: Guid(c415d7e8f16451142918b1b23a8d7ba3) Importer(815301076,1909f56bfc062723c751e8b465ee728b)
Start importing Assets/Prefabs/Tramo(10m).prefab using Guid(c415d7e8f16451142918b1b23a8d7ba3) Importer(815301076,1909f56bfc062723c751e8b465ee728b)  -> (artifact id: 'd0114ace60db8dab6543bb0a8da1b3c1') in 0.008741 seconds 
========================================================================
Received Import Request.
  Time since last request: 2.307659 seconds.
  path: Assets/Prefabs/Tramo(5m) Variant.prefab
  artifactKey: Guid(e97d185b151bcd348bb56fd60db8d155) Importer(815301076,1909f56bfc062723c751e8b465ee728b)
Start importing Assets/Prefabs/Tramo(5m) Variant.prefab using Guid(e97d185b151bcd348bb56fd60db8d155) Importer(815301076,1909f56bfc062723c751e8b465ee728b)  -> (artifact id: 'bb0e2031485afdfaec9efc3ec451e4b9') in 0.015770 seconds 
========================================================================
Received Import Request.
  Time since last request: 0.000033 seconds.
  path: Assets/Prefabs/Tramo(20m) Variant.prefab
  artifactKey: Guid(4e85f9b762692da4faac0e1c63feacf3) Importer(815301076,1909f56bfc062723c751e8b465ee728b)
Start importing Assets/Prefabs/Tramo(20m) Variant.prefab using Guid(4e85f9b762692da4faac0e1c63feacf3) Importer(815301076,1909f56bfc062723c751e8b465ee728b)  -> (artifact id: '9554d534daf62400da9ae68aa4612730') in 0.011572 seconds 
========================================================================
Received Import Request.
  Time since last request: 0.000048 seconds.
  path: Assets/Prefabs/Tramo(10m).prefab
  artifactKey: Guid(c415d7e8f16451142918b1b23a8d7ba3) Importer(815301076,1909f56bfc062723c751e8b465ee728b)
Start importing Assets/Prefabs/Tramo(10m).prefab using Guid(c415d7e8f16451142918b1b23a8d7ba3) Importer(815301076,1909f56bfc062723c751e8b465ee728b)  -> (artifact id: '229d64b46ace6073de13f4b31060bb3c') in 0.013489 seconds 
========================================================================
Received Import Request.
  Time since last request: 57.847691 seconds.
  path: Assets/Prefabs/Paredes Circuito
  artifactKey: Guid(5ad0dca00427c4e458035bb3b08be777) Importer(815301076,1909f56bfc062723c751e8b465ee728b)
Start importing Assets/Prefabs/Paredes Circuito using Guid(5ad0dca00427c4e458035bb3b08be777) Importer(815301076,1909f56bfc062723c751e8b465ee728b)  -> (artifact id: '0146d3dac5d37772294de3b77aab0dc4') in 0.006131 seconds 
